c:\users\basin\source\repos\asm\asm\debug\vc141.pdb
c:\users\basin\source\repos\asm\asm\debug\vc141.idb
c:\users\basin\source\repos\asm\asm\debug\stringhelpers.obj
c:\users\basin\source\repos\asm\asm\debug\parser.obj
c:\users\basin\source\repos\asm\asm\debug\memory_helpers.obj
c:\users\basin\source\repos\asm\asm\debug\main.obj
c:\users\basin\source\repos\asm\asm\debug\interaction.obj
c:\users\basin\source\repos\asm\asm\debug\instructionset.obj
c:\users\basin\source\repos\asm\asm\debug\fort.obj
c:\users\basin\source\repos\asm\asm\debug\assember.obj
c:\users\basin\source\repos\asm\asm\debug\asm.exe
c:\users\basin\source\repos\asm\asm\debug\asm.ilk
c:\users\basin\source\repos\asm\asm\debug\asm.pdb
c:\users\basin\source\repos\asm\asm\debug\nativecodeanalysis.read.1.tlog
c:\users\basin\source\repos\asm\asm\debug\assember.nativecodeanalysis.xml
c:\users\basin\source\repos\asm\asm\debug\fort.nativecodeanalysis.xml
c:\users\basin\source\repos\asm\asm\debug\instructionset.nativecodeanalysis.xml
c:\users\basin\source\repos\asm\asm\debug\interaction.nativecodeanalysis.xml
c:\users\basin\source\repos\asm\asm\debug\main.nativecodeanalysis.xml
c:\users\basin\source\repos\asm\asm\debug\memory_helpers.nativecodeanalysis.xml
c:\users\basin\source\repos\asm\asm\debug\parser.nativecodeanalysis.xml
c:\users\basin\source\repos\asm\asm\debug\stringhelpers.nativecodeanalysis.xml
c:\users\basin\source\repos\asm\asm\debug\vc.nativecodeanalysis.all.xml
c:\users\basin\source\repos\asm\asm\debug\asm.exe.lastcodeanalysissucceeded
c:\users\basin\source\repos\asm\asm\debug\asm.tlog\cl.command.1.tlog
c:\users\basin\source\repos\asm\asm\debug\asm.tlog\cl.read.1.tlog
c:\users\basin\source\repos\asm\asm\debug\asm.tlog\cl.write.1.tlog
c:\users\basin\source\repos\asm\asm\debug\asm.tlog\link.command.1.tlog
c:\users\basin\source\repos\asm\asm\debug\asm.tlog\link.read.1.tlog
c:\users\basin\source\repos\asm\asm\debug\asm.tlog\link.write.1.tlog
