  assember.c
c:\users\basin\source\repos\asm\asm\assember.c(422): fatal error C1010: unexpected end of file while looking for precompiled header. Did you forget to add '#include "pch.h"' to your source?
  fort.c
c:\users\basin\source\repos\asm\asm\fort.c(58): warning C4005: 'FT_INTERNAL': macro redefinition
  c:\users\basin\source\repos\asm\asm\fort.c(56): note: see previous definition of 'FT_INTERNAL'
c:\users\basin\source\repos\asm\asm\fort.c(434): warning C4005: 'utf8_nonnull': macro redefinition
  c:\users\basin\source\repos\asm\asm\fort.c(429): note: see previous definition of 'utf8_nonnull'
c:\users\basin\source\repos\asm\asm\fort.c(435): warning C4005: 'utf8_pure': macro redefinition
  c:\users\basin\source\repos\asm\asm\fort.c(430): note: see previous definition of 'utf8_pure'
c:\users\basin\source\repos\asm\asm\fort.c(436): warning C4005: 'utf8_restrict': macro redefinition
  c:\users\basin\source\repos\asm\asm\fort.c(431): note: see previous definition of 'utf8_restrict'
c:\users\basin\source\repos\asm\asm\fort.c(437): warning C4005: 'utf8_weak': macro redefinition
  c:\users\basin\source\repos\asm\asm\fort.c(432): note: see previous definition of 'utf8_weak'
c:\users\basin\source\repos\asm\asm\fort.c(445): warning C4005: 'utf8_null': macro redefinition
  c:\users\basin\source\repos\asm\asm\fort.c(443): note: see previous definition of 'utf8_null'
c:\users\basin\source\repos\asm\asm\fort.c(2767): warning C4005: 'FT_PRINTF': macro redefinition
  c:\users\basin\source\repos\asm\asm\fort.c(2764): note: see previous definition of 'FT_PRINTF'
c:\users\basin\source\repos\asm\asm\fort.c(2768): warning C4005: 'FT_PRINTF_LN': macro redefinition
  c:\users\basin\source\repos\asm\asm\fort.c(2765): note: see previous definition of 'FT_PRINTF_LN'
c:\users\basin\source\repos\asm\asm\fort.c(5568): warning C4005: 'STRCHR': macro redefinition
  c:\users\basin\source\repos\asm\asm\fort.c(5479): note: see previous definition of 'STRCHR'
c:\users\basin\source\repos\asm\asm\fort.c(7340): fatal error C1010: unexpected end of file while looking for precompiled header. Did you forget to add '#include "pch.h"' to your source?
  InstructionSet.c
c:\users\basin\source\repos\asm\asm\instructionset.c(19): fatal error C1010: unexpected end of file while looking for precompiled header. Did you forget to add '#include "pch.h"' to your source?
  interaction.c
c:\users\basin\source\repos\asm\asm\interaction.c(283): fatal error C1010: unexpected end of file while looking for precompiled header. Did you forget to add '#include "pch.h"' to your source?
  main.c
c:\users\basin\source\repos\asm\asm\main.c(36): fatal error C1010: unexpected end of file while looking for precompiled header. Did you forget to add '#include "pch.h"' to your source?
  memory_helpers.c
c:\users\basin\source\repos\asm\asm\memory_helpers.c(101): fatal error C1010: unexpected end of file while looking for precompiled header. Did you forget to add '#include "pch.h"' to your source?
  parser.c
c:\users\basin\source\repos\asm\asm\parser.c(291): fatal error C1010: unexpected end of file while looking for precompiled header. Did you forget to add '#include "pch.h"' to your source?
  stringHelpers.c
c:\users\basin\source\repos\asm\asm\stringhelpers.c(36): fatal error C1010: unexpected end of file while looking for precompiled header. Did you forget to add '#include "pch.h"' to your source?
